<?xml version="1.0" encoding="UTF-8"?>
<!-- Generated by org.testng.reporters.JUnitXMLReporter -->
<testsuite ignored="0" hostname="DESKTOP-DLC6ABM" failures="0" tests="5" name="Test" time="3.918" errors="0" timestamp="2024-03-13T19:49:19 PDT">
  <testcase classname="httpMethods.CRUD_operation" name="getList_of_Users" time="2.074"/>
  <testcase classname="httpMethods.CRUD_operation" name="Post_Create" time="0.505"/>
  <testcase classname="httpMethods.CRUD_operation" name="PUT_UPDATE" time="0.402"/>
  <testcase classname="httpMethods.CRUD_operation" name="PATCH_UPDATE" time="0.423"/>
  <testcase classname="httpMethods.CRUD_operation" name="DELETE" time="0.475"/>
</testsuite> <!-- Test -->
